
*** Running vivado
    with args -log Bidirectional_Transmitter_UART_Transmitter_0_0.vds -m64 -product Vivado -mode batch -messageDb vivado.pb -notrace -source Bidirectional_Transmitter_UART_Transmitter_0_0.tcl


****** Vivado v2018.2 (64-bit)
  **** SW Build 2258646 on Thu Jun 14 20:03:12 MDT 2018
  **** IP Build 2256618 on Thu Jun 14 22:10:49 MDT 2018
    ** Copyright 1986-2018 Xilinx, Inc. All Rights Reserved.

source Bidirectional_Transmitter_UART_Transmitter_0_0.tcl -notrace
Command: synth_design -top Bidirectional_Transmitter_UART_Transmitter_0_0 -part xc7z007sclg400-1 -mode out_of_context
Starting synth_design
Attempting to get a license for feature 'Synthesis' and/or device 'xc7z007s'
INFO: [Common 17-349] Got license for feature 'Synthesis' and/or device 'xc7z007s'
INFO: Launching helper process for spawning children vivado processes
INFO: Helper process launched with PID 7804 
---------------------------------------------------------------------------------
Starting RTL Elaboration : Time (s): cpu = 00:00:02 ; elapsed = 00:00:03 . Memory (MB): peak = 467.234 ; gain = 103.070
---------------------------------------------------------------------------------
INFO: [Synth 8-6157] synthesizing module 'Bidirectional_Transmitter_UART_Transmitter_0_0' [c:/Xilinx/projects/Bidirectional_Transmitter/Bidirectional_Transmitter.srcs/sources_1/bd/Bidirectional_Transmitter/ip/Bidirectional_Transmitter_UART_Transmitter_0_0/synth/Bidirectional_Transmitter_UART_Transmitter_0_0.v:58]
INFO: [Synth 8-6157] synthesizing module 'UART_Transmitter' [C:/Xilinx/projects/Bidirectional_Transmitter/Bidirectional_Transmitter.srcs/sources_1/new/UART_Transmitter.v:1]
INFO: [Synth 8-6157] synthesizing module 'tx_clock' [C:/Xilinx/projects/Bidirectional_Transmitter/Bidirectional_Transmitter.srcs/sources_1/new/UART_Transmitter.v:82]
INFO: [Synth 8-6155] done synthesizing module 'tx_clock' (1#1) [C:/Xilinx/projects/Bidirectional_Transmitter/Bidirectional_Transmitter.srcs/sources_1/new/UART_Transmitter.v:82]
INFO: [Synth 8-6157] synthesizing module 'bit_counter_tx' [C:/Xilinx/projects/Bidirectional_Transmitter/Bidirectional_Transmitter.srcs/sources_1/new/UART_Transmitter.v:58]
INFO: [Synth 8-6155] done synthesizing module 'bit_counter_tx' (2#1) [C:/Xilinx/projects/Bidirectional_Transmitter/Bidirectional_Transmitter.srcs/sources_1/new/UART_Transmitter.v:58]
INFO: [Synth 8-6157] synthesizing module 'transmitter' [C:/Xilinx/projects/Bidirectional_Transmitter/Bidirectional_Transmitter.srcs/sources_1/new/UART_Transmitter.v:42]
INFO: [Synth 8-6155] done synthesizing module 'transmitter' (3#1) [C:/Xilinx/projects/Bidirectional_Transmitter/Bidirectional_Transmitter.srcs/sources_1/new/UART_Transmitter.v:42]
INFO: [Synth 8-6157] synthesizing module 'indicator' [C:/Xilinx/projects/Bidirectional_Transmitter/Bidirectional_Transmitter.srcs/sources_1/new/indicator.v:1]
INFO: [Synth 8-6155] done synthesizing module 'indicator' (4#1) [C:/Xilinx/projects/Bidirectional_Transmitter/Bidirectional_Transmitter.srcs/sources_1/new/indicator.v:1]
WARNING: [Synth 8-350] instance 'module5' of module 'indicator' requires 5 connections, but only 4 given [C:/Xilinx/projects/Bidirectional_Transmitter/Bidirectional_Transmitter.srcs/sources_1/new/UART_Transmitter.v:22]
INFO: [Synth 8-6155] done synthesizing module 'UART_Transmitter' (5#1) [C:/Xilinx/projects/Bidirectional_Transmitter/Bidirectional_Transmitter.srcs/sources_1/new/UART_Transmitter.v:1]
INFO: [Synth 8-6155] done synthesizing module 'Bidirectional_Transmitter_UART_Transmitter_0_0' (6#1) [c:/Xilinx/projects/Bidirectional_Transmitter/Bidirectional_Transmitter.srcs/sources_1/bd/Bidirectional_Transmitter/ip/Bidirectional_Transmitter_UART_Transmitter_0_0/synth/Bidirectional_Transmitter_UART_Transmitter_0_0.v:58]
---------------------------------------------------------------------------------
Finished RTL Elaboration : Time (s): cpu = 00:00:02 ; elapsed = 00:00:04 . Memory (MB): peak = 521.910 ; gain = 157.746
---------------------------------------------------------------------------------

Report Check Netlist: 
+------+------------------+-------+---------+-------+------------------+
|      |Item              |Errors |Warnings |Status |Description       |
+------+------------------+-------+---------+-------+------------------+
|1     |multi_driven_nets |      0|        0|Passed |Multi driven nets |
+------+------------------+-------+---------+-------+------------------+
---------------------------------------------------------------------------------
Start Handling Custom Attributes
---------------------------------------------------------------------------------
---------------------------------------------------------------------------------
Finished Handling Custom Attributes : Time (s): cpu = 00:00:02 ; elapsed = 00:00:04 . Memory (MB): peak = 521.910 ; gain = 157.746
---------------------------------------------------------------------------------
---------------------------------------------------------------------------------
Finished RTL Optimization Phase 1 : Time (s): cpu = 00:00:02 ; elapsed = 00:00:04 . Memory (MB): peak = 521.910 ; gain = 157.746
---------------------------------------------------------------------------------
INFO: [Device 21-403] Loading part xc7z007sclg400-1
INFO: [Project 1-570] Preparing netlist for logic optimization

Processing XDC Constraints
Initializing timing engine
Completed Processing XDC Constraints

INFO: [Project 1-111] Unisim Transformation Summary:
No Unisim elements were transformed.

WARNING: [Constraints 18-5210] No constraint will be written out.
Constraint Validation Runtime : Time (s): cpu = 00:00:00 ; elapsed = 00:00:00.080 . Memory (MB): peak = 830.734 ; gain = 2.254
---------------------------------------------------------------------------------
Finished Constraint Validation : Time (s): cpu = 00:00:07 ; elapsed = 00:00:16 . Memory (MB): peak = 830.734 ; gain = 466.570
---------------------------------------------------------------------------------
---------------------------------------------------------------------------------
Start Loading Part and Timing Information
---------------------------------------------------------------------------------
Loading part: xc7z007sclg400-1
---------------------------------------------------------------------------------
Finished Loading Part and Timing Information : Time (s): cpu = 00:00:07 ; elapsed = 00:00:16 . Memory (MB): peak = 830.734 ; gain = 466.570
---------------------------------------------------------------------------------
---------------------------------------------------------------------------------
Start Applying 'set_property' XDC Constraints
---------------------------------------------------------------------------------
---------------------------------------------------------------------------------
Finished applying 'set_property' XDC Constraints : Time (s): cpu = 00:00:07 ; elapsed = 00:00:16 . Memory (MB): peak = 830.734 ; gain = 466.570
---------------------------------------------------------------------------------
INFO: [Synth 8-5545] ROM "tx_clk" won't be mapped to RAM because address size (26) is larger than maximum supported(25)
INFO: [Synth 8-5544] ROM "enable" won't be mapped to Block RAM because address size (4) smaller than threshold (5)
---------------------------------------------------------------------------------
Finished RTL Optimization Phase 2 : Time (s): cpu = 00:00:08 ; elapsed = 00:00:16 . Memory (MB): peak = 830.734 ; gain = 466.570
---------------------------------------------------------------------------------

Report RTL Partitions: 
+-+--------------+------------+----------+
| |RTL Partition |Replication |Instances |
+-+--------------+------------+----------+
+-+--------------+------------+----------+
---------------------------------------------------------------------------------
Start RTL Component Statistics 
---------------------------------------------------------------------------------
Detailed RTL Component Info : 
+---Adders : 
	   2 Input     26 Bit       Adders := 1     
	   2 Input      4 Bit       Adders := 1     
+---Registers : 
	               26 Bit    Registers := 1     
	                8 Bit    Registers := 1     
	                4 Bit    Registers := 1     
	                1 Bit    Registers := 3     
+---Muxes : 
	   2 Input     26 Bit        Muxes := 1     
	   2 Input      8 Bit        Muxes := 2     
	   2 Input      4 Bit        Muxes := 1     
	   2 Input      1 Bit        Muxes := 2     
---------------------------------------------------------------------------------
Finished RTL Component Statistics 
---------------------------------------------------------------------------------
---------------------------------------------------------------------------------
Start RTL Hierarchical Component Statistics 
---------------------------------------------------------------------------------
Hierarchical RTL Component report 
Module tx_clock 
Detailed RTL Component Info : 
+---Adders : 
	   2 Input     26 Bit       Adders := 1     
+---Registers : 
	               26 Bit    Registers := 1     
	                1 Bit    Registers := 1     
+---Muxes : 
	   2 Input     26 Bit        Muxes := 1     
	   2 Input      1 Bit        Muxes := 1     
Module bit_counter_tx 
Detailed RTL Component Info : 
+---Adders : 
	   2 Input      4 Bit       Adders := 1     
+---Registers : 
	                4 Bit    Registers := 1     
	                1 Bit    Registers := 1     
+---Muxes : 
	   2 Input      4 Bit        Muxes := 1     
	   2 Input      1 Bit        Muxes := 1     
Module UART_Transmitter 
Detailed RTL Component Info : 
+---Registers : 
	                8 Bit    Registers := 1     
	                1 Bit    Registers := 1     
+---Muxes : 
	   2 Input      8 Bit        Muxes := 2     
---------------------------------------------------------------------------------
Finished RTL Hierarchical Component Statistics
---------------------------------------------------------------------------------
---------------------------------------------------------------------------------
Start Part Resource Summary
---------------------------------------------------------------------------------
Part Resources:
DSPs: 66 (col length:40)
BRAMs: 100 (col length: RAMB18 40 RAMB36 20)
---------------------------------------------------------------------------------
Finished Part Resource Summary
---------------------------------------------------------------------------------
---------------------------------------------------------------------------------
Start Cross Boundary and Area Optimization
---------------------------------------------------------------------------------
Warning: Parallel synthesis criteria is not met 
INFO: [Synth 8-5545] ROM "inst/module1/tx_clk" won't be mapped to RAM because address size (26) is larger than maximum supported(25)
---------------------------------------------------------------------------------
Finished Cross Boundary and Area Optimization : Time (s): cpu = 00:00:08 ; elapsed = 00:00:18 . Memory (MB): peak = 830.734 ; gain = 466.570
---------------------------------------------------------------------------------

Report RTL Partitions: 
+-+--------------+------------+----------+
| |RTL Partition |Replication |Instances |
+-+--------------+------------+----------+
+-+--------------+------------+----------+
---------------------------------------------------------------------------------
Start Applying XDC Timing Constraints
---------------------------------------------------------------------------------
---------------------------------------------------------------------------------
Finished Applying XDC Timing Constraints : Time (s): cpu = 00:00:17 ; elapsed = 00:00:34 . Memory (MB): peak = 845.922 ; gain = 481.758
---------------------------------------------------------------------------------
---------------------------------------------------------------------------------
Start Timing Optimization
---------------------------------------------------------------------------------
---------------------------------------------------------------------------------
Finished Timing Optimization : Time (s): cpu = 00:00:17 ; elapsed = 00:00:34 . Memory (MB): peak = 846.070 ; gain = 481.906
---------------------------------------------------------------------------------

Report RTL Partitions: 
+-+--------------+------------+----------+
| |RTL Partition |Replication |Instances |
+-+--------------+------------+----------+
+-+--------------+------------+----------+
---------------------------------------------------------------------------------
Start Technology Mapping
---------------------------------------------------------------------------------
---------------------------------------------------------------------------------
Finished Technology Mapping : Time (s): cpu = 00:00:17 ; elapsed = 00:00:34 . Memory (MB): peak = 865.703 ; gain = 501.539
---------------------------------------------------------------------------------

Report RTL Partitions: 
+-+--------------+------------+----------+
| |RTL Partition |Replication |Instances |
+-+--------------+------------+----------+
+-+--------------+------------+----------+
---------------------------------------------------------------------------------
Start IO Insertion
---------------------------------------------------------------------------------
---------------------------------------------------------------------------------
Start Flattening Before IO Insertion
---------------------------------------------------------------------------------
---------------------------------------------------------------------------------
Finished Flattening Before IO Insertion
---------------------------------------------------------------------------------
---------------------------------------------------------------------------------
Start Final Netlist Cleanup
---------------------------------------------------------------------------------
---------------------------------------------------------------------------------
Finished Final Netlist Cleanup
---------------------------------------------------------------------------------
---------------------------------------------------------------------------------
Finished IO Insertion : Time (s): cpu = 00:00:17 ; elapsed = 00:00:35 . Memory (MB): peak = 865.703 ; gain = 501.539
---------------------------------------------------------------------------------

Report Check Netlist: 
+------+------------------+-------+---------+-------+------------------+
|      |Item              |Errors |Warnings |Status |Description       |
+------+------------------+-------+---------+-------+------------------+
|1     |multi_driven_nets |      0|        0|Passed |Multi driven nets |
+------+------------------+-------+---------+-------+------------------+
---------------------------------------------------------------------------------
Start Renaming Generated Instances
---------------------------------------------------------------------------------
---------------------------------------------------------------------------------
Finished Renaming Generated Instances : Time (s): cpu = 00:00:17 ; elapsed = 00:00:35 . Memory (MB): peak = 865.703 ; gain = 501.539
---------------------------------------------------------------------------------

Report RTL Partitions: 
+-+--------------+------------+----------+
| |RTL Partition |Replication |Instances |
+-+--------------+------------+----------+
+-+--------------+------------+----------+
---------------------------------------------------------------------------------
Start Rebuilding User Hierarchy
---------------------------------------------------------------------------------
---------------------------------------------------------------------------------
Finished Rebuilding User Hierarchy : Time (s): cpu = 00:00:17 ; elapsed = 00:00:35 . Memory (MB): peak = 865.703 ; gain = 501.539
---------------------------------------------------------------------------------
---------------------------------------------------------------------------------
Start Renaming Generated Ports
---------------------------------------------------------------------------------
---------------------------------------------------------------------------------
Finished Renaming Generated Ports : Time (s): cpu = 00:00:17 ; elapsed = 00:00:35 . Memory (MB): peak = 865.703 ; gain = 501.539
---------------------------------------------------------------------------------
---------------------------------------------------------------------------------
Start Handling Custom Attributes
---------------------------------------------------------------------------------
---------------------------------------------------------------------------------
Finished Handling Custom Attributes : Time (s): cpu = 00:00:17 ; elapsed = 00:00:35 . Memory (MB): peak = 865.703 ; gain = 501.539
---------------------------------------------------------------------------------
---------------------------------------------------------------------------------
Start Renaming Generated Nets
---------------------------------------------------------------------------------
---------------------------------------------------------------------------------
Finished Renaming Generated Nets : Time (s): cpu = 00:00:17 ; elapsed = 00:00:35 . Memory (MB): peak = 865.703 ; gain = 501.539
---------------------------------------------------------------------------------
---------------------------------------------------------------------------------
Start Writing Synthesis Report
---------------------------------------------------------------------------------

Report BlackBoxes: 
+-+--------------+----------+
| |BlackBox name |Instances |
+-+--------------+----------+
+-+--------------+----------+

Report Cell Usage: 
+------+-------+------+
|      |Cell   |Count |
+------+-------+------+
|1     |CARRY4 |     7|
|2     |LUT1   |     2|
|3     |LUT2   |    18|
|4     |LUT3   |    35|
|5     |LUT4   |     9|
|6     |LUT5   |     4|
|7     |LUT6   |     3|
|8     |FDCE   |     8|
|9     |FDPE   |     9|
|10    |FDRE   |    20|
|11    |FDSE   |    12|
|12    |LDC    |     8|
+------+-------+------+

Report Instance Areas: 
+------+------------+-----------------+------+
|      |Instance    |Module           |Cells |
+------+------------+-----------------+------+
|1     |top         |                 |   135|
|2     |  inst      |UART_Transmitter |   135|
|3     |    module1 |tx_clock         |    69|
|4     |    module2 |bit_counter_tx   |    17|
+------+------------+-----------------+------+
---------------------------------------------------------------------------------
Finished Writing Synthesis Report : Time (s): cpu = 00:00:17 ; elapsed = 00:00:35 . Memory (MB): peak = 865.703 ; gain = 501.539
---------------------------------------------------------------------------------
Synthesis finished with 0 errors, 0 critical warnings and 0 warnings.
Synthesis Optimization Runtime : Time (s): cpu = 00:00:12 ; elapsed = 00:00:26 . Memory (MB): peak = 865.703 ; gain = 192.715
Synthesis Optimization Complete : Time (s): cpu = 00:00:18 ; elapsed = 00:00:35 . Memory (MB): peak = 865.703 ; gain = 501.539
INFO: [Project 1-571] Translating synthesized netlist
INFO: [Netlist 29-17] Analyzing 15 Unisim elements for replacement
INFO: [Netlist 29-28] Unisim Transformation completed in 0 CPU seconds
INFO: [Project 1-570] Preparing netlist for logic optimization
INFO: [Opt 31-138] Pushed 0 inverter(s) to 0 load pin(s).
INFO: [Project 1-111] Unisim Transformation Summary:
  A total of 8 instances were transformed.
  LDC => LDCE: 8 instances

INFO: [Common 17-83] Releasing license: Synthesis
26 Infos, 2 Warnings, 0 Critical Warnings and 0 Errors encountered.
synth_design completed successfully
synth_design: Time (s): cpu = 00:00:18 ; elapsed = 00:00:38 . Memory (MB): peak = 865.766 ; gain = 514.664
WARNING: [Constraints 18-5210] No constraint will be written out.
INFO: [Common 17-1381] The checkpoint 'C:/Xilinx/projects/Bidirectional_Transmitter/Bidirectional_Transmitter.runs/Bidirectional_Transmitter_UART_Transmitter_0_0_synth_1/Bidirectional_Transmitter_UART_Transmitter_0_0.dcp' has been generated.
INFO: [Coretcl 2-1174] Renamed 3 cell refs.
WARNING: [Constraints 18-5210] No constraint will be written out.
INFO: [Common 17-1381] The checkpoint 'C:/Xilinx/projects/Bidirectional_Transmitter/Bidirectional_Transmitter.runs/Bidirectional_Transmitter_UART_Transmitter_0_0_synth_1/Bidirectional_Transmitter_UART_Transmitter_0_0.dcp' has been generated.
INFO: [runtcl-4] Executing : report_utilization -file Bidirectional_Transmitter_UART_Transmitter_0_0_utilization_synth.rpt -pb Bidirectional_Transmitter_UART_Transmitter_0_0_utilization_synth.pb
report_utilization: Time (s): cpu = 00:00:00 ; elapsed = 00:00:00.030 . Memory (MB): peak = 865.766 ; gain = 0.000
INFO: [Common 17-206] Exiting Vivado at Thu Feb  9 11:40:50 2023...
